android/app/build/intermediates/manifest_merge_blame_file/debug/manifest-merger-blame-debug-report.txt
1<?xml version="1.0" encoding="utf-8"?>
2<manifest xmlns:android="http://schemas.android.com/apk/res/android"
3    package="com.songtrax_mobile"
4    android:versionCode="1"
5    android:versionName="1.0" >
6
7    <uses-sdk
8        android:minSdkVersion="21"
9        android:targetSdkVersion="33" />
10
11    <uses-permission android:name="android.permission.SYSTEM_ALERT_WINDOW" />
11-->src/debug/AndroidManifest.xml:5:5-77
11-->src/debug/AndroidManifest.xml:5:22-75
12    <uses-permission android:name="android.permission.INTERNET" />
12-->src/main/AndroidManifest.xml:3:5-67
12-->src/main/AndroidManifest.xml:3:22-64
13    <uses-permission android:name="android.permission.READ_EXTERNAL_STORAGE" />
13-->src/main/AndroidManifest.xml:4:5-80
13-->src/main/AndroidManifest.xml:4:22-77
14    <uses-permission android:name="android.permission.ACCESS_FINE_LOCATION" />
14-->src/main/AndroidManifest.xml:5:5-79
14-->src/main/AndroidManifest.xml:5:22-76
15    <uses-permission android:name="android.permission.ACCESS_WIFI_STATE" />
15-->[com.facebook.flipper:flipper:0.182.0] AndroidManifest.xml:16:5-76
15-->[com.facebook.flipper:flipper:0.182.0] AndroidManifest.xml:16:22-73
16    <uses-permission android:name="android.permission.WAKE_LOCK" />
16-->[androidx.work:work-runtime:2.7.1] AndroidManifest.xml:25:5-68
16-->[androidx.work:work-runtime:2.7.1] AndroidManifest.xml:25:22-65
17    <uses-permission android:name="android.permission.ACCESS_NETWORK_STATE" />
17-->[androidx.work:work-runtime:2.7.1] AndroidManifest.xml:26:5-79
17-->[androidx.work:work-runtime:2.7.1] AndroidManifest.xml:26:22-76
18    <uses-permission android:name="android.permission.RECEIVE_BOOT_COMPLETED" />
18-->[androidx.work:work-runtime:2.7.1] AndroidManifest.xml:27:5-81
18-->[androidx.work:work-runtime:2.7.1] AndroidManifest.xml:27:22-78
19    <uses-permission android:name="android.permission.FOREGROUND_SERVICE" />
19-->[androidx.work:work-runtime:2.7.1] AndroidManifest.xml:28:5-77
19-->[androidx.work:work-runtime:2.7.1] AndroidManifest.xml:28:22-74
20
21    <uses-feature
21-->[com.google.android.gms:play-services-maps:18.0.2] AndroidManifest.xml:26:5-28:35
22        android:glEsVersion="0x00020000"
22-->[com.google.android.gms:play-services-maps:18.0.2] AndroidManifest.xml:27:9-41
23        android:required="true" />
23-->[com.google.android.gms:play-services-maps:18.0.2] AndroidManifest.xml:28:9-32
24
25    <queries>
25-->[com.google.android.gms:play-services-maps:18.0.2] AndroidManifest.xml:30:5-34:15
26
27        <!-- Needs to be explicitly declared on Android R+ -->
28        <package android:name="com.google.android.apps.maps" />
28-->[com.google.android.gms:play-services-maps:18.0.2] AndroidManifest.xml:33:9-64
28-->[com.google.android.gms:play-services-maps:18.0.2] AndroidManifest.xml:33:18-61
29    </queries>
30
31    <application
31-->src/main/AndroidManifest.xml:7:5-29:19
32        android:name="com.songtrax_mobile.MainApplication"
32-->src/main/AndroidManifest.xml:8:7-38
33        android:allowBackup="false"
33-->src/main/AndroidManifest.xml:12:7-34
34        android:appComponentFactory="androidx.core.app.CoreComponentFactory"
34-->[androidx.core:core:1.7.0] AndroidManifest.xml:24:18-86
35        android:debuggable="true"
36        android:icon="@mipmap/ic_launcher"
36-->src/main/AndroidManifest.xml:10:7-41
37        android:label="@string/app_name"
37-->src/main/AndroidManifest.xml:9:7-39
38        android:roundIcon="@mipmap/ic_launcher_round"
38-->src/main/AndroidManifest.xml:11:7-52
39        android:theme="@style/AppTheme"
39-->src/main/AndroidManifest.xml:13:7-38
40        android:usesCleartextTraffic="true" >
40-->src/debug/AndroidManifest.xml:8:9-44
41        <activity
41-->src/debug/AndroidManifest.xml:11:9-111
42            android:name="com.facebook.react.devsupport.DevSettingsActivity"
42-->src/debug/AndroidManifest.xml:11:19-83
43            android:exported="false" />
43-->src/debug/AndroidManifest.xml:11:84-108
44
45        <meta-data
45-->src/main/AndroidManifest.xml:14:7-16:68
46            android:name="com.google.android.geo.API_KEY"
46-->src/main/AndroidManifest.xml:15:11-56
47            android:value="AIzaSyAfvcvvfQZao30yef7XwygDRo-5jQategg" />
47-->src/main/AndroidManifest.xml:16:11-66
48
49        <activity
49-->src/main/AndroidManifest.xml:17:7-28:18
50            android:name="com.songtrax_mobile.MainActivity"
50-->src/main/AndroidManifest.xml:18:9-37
51            android:configChanges="keyboard|keyboardHidden|orientation|screenLayout|screenSize|smallestScreenSize|uiMode"
51-->src/main/AndroidManifest.xml:20:9-118
52            android:exported="true"
52-->src/main/AndroidManifest.xml:23:9-32
53            android:label="@string/app_name"
53-->src/main/AndroidManifest.xml:19:9-41
54            android:launchMode="singleTask"
54-->src/main/AndroidManifest.xml:21:9-40
55            android:windowSoftInputMode="adjustResize" >
55-->src/main/AndroidManifest.xml:22:9-51
56            <intent-filter>
56-->src/main/AndroidManifest.xml:24:9-27:25
57                <action android:name="android.intent.action.MAIN" />
57-->src/main/AndroidManifest.xml:25:13-65
57-->src/main/AndroidManifest.xml:25:21-62
58
59                <category android:name="android.intent.category.LAUNCHER" />
59-->src/main/AndroidManifest.xml:26:13-73
59-->src/main/AndroidManifest.xml:26:23-70
60            </intent-filter>
61        </activity>
62
63        <provider
63-->[:react-native-image-picker] AndroidManifest.xml:8:9-16:20
64            android:name="com.imagepicker.ImagePickerProvider"
64-->[:react-native-image-picker] AndroidManifest.xml:9:13-63
65            android:authorities="com.songtrax_mobile.imagepickerprovider"
65-->[:react-native-image-picker] AndroidManifest.xml:10:13-71
66            android:exported="false"
66-->[:react-native-image-picker] AndroidManifest.xml:11:13-37
67            android:grantUriPermissions="true" >
67-->[:react-native-image-picker] AndroidManifest.xml:12:13-47
68            <meta-data
68-->[:react-native-image-picker] AndroidManifest.xml:13:13-15:70
69                android:name="android.support.FILE_PROVIDER_PATHS"
69-->[:react-native-image-picker] AndroidManifest.xml:14:17-67
70                android:resource="@xml/imagepicker_provider_paths" />
70-->[:react-native-image-picker] AndroidManifest.xml:15:17-67
71        </provider>
72
73        <meta-data
73-->[com.facebook.soloader:soloader:0.10.5] AndroidManifest.xml:12:9-14:37
74            android:name="com.facebook.soloader.enabled"
74-->[com.facebook.soloader:soloader:0.10.5] AndroidManifest.xml:13:13-57
75            android:value="false" />
75-->[com.facebook.soloader:soloader:0.10.5] AndroidManifest.xml:14:13-34
76
77        <provider
77-->[androidx.work:work-runtime:2.7.1] AndroidManifest.xml:31:9-39:20
78            android:name="androidx.startup.InitializationProvider"
78-->[androidx.work:work-runtime:2.7.1] AndroidManifest.xml:32:13-67
79            android:authorities="com.songtrax_mobile.androidx-startup"
79-->[androidx.work:work-runtime:2.7.1] AndroidManifest.xml:33:13-68
80            android:exported="false" >
80-->[androidx.work:work-runtime:2.7.1] AndroidManifest.xml:34:13-37
81            <meta-data
81-->[androidx.work:work-runtime:2.7.1] AndroidManifest.xml:36:13-38:52
82                android:name="androidx.work.WorkManagerInitializer"
82-->[androidx.work:work-runtime:2.7.1] AndroidManifest.xml:37:17-68
83                android:value="androidx.startup" />
83-->[androidx.work:work-runtime:2.7.1] AndroidManifest.xml:38:17-49
84            <meta-data
84-->[androidx.emoji2:emoji2:1.0.0] AndroidManifest.xml:31:13-33:52
85                android:name="androidx.emoji2.text.EmojiCompatInitializer"
85-->[androidx.emoji2:emoji2:1.0.0] AndroidManifest.xml:32:17-75
86                android:value="androidx.startup" />
86-->[androidx.emoji2:emoji2:1.0.0] AndroidManifest.xml:33:17-49
87            <meta-data
87-->[androidx.lifecycle:lifecycle-process:2.4.0] AndroidManifest.xml:31:13-33:52
88                android:name="androidx.lifecycle.ProcessLifecycleInitializer"
88-->[androidx.lifecycle:lifecycle-process:2.4.0] AndroidManifest.xml:32:17-78
89                android:value="androidx.startup" />
89-->[androidx.lifecycle:lifecycle-process:2.4.0] AndroidManifest.xml:33:17-49
90        </provider>
91
92        <service
92-->[androidx.work:work-runtime:2.7.1] AndroidManifest.xml:41:9-46:35
93            android:name="androidx.work.impl.background.systemalarm.SystemAlarmService"
93-->[androidx.work:work-runtime:2.7.1] AndroidManifest.xml:42:13-88
94            android:directBootAware="false"
94-->[androidx.work:work-runtime:2.7.1] AndroidManifest.xml:43:13-44
95            android:enabled="@bool/enable_system_alarm_service_default"
95-->[androidx.work:work-runtime:2.7.1] AndroidManifest.xml:44:13-72
96            android:exported="false" />
96-->[androidx.work:work-runtime:2.7.1] AndroidManifest.xml:45:13-37
97        <service
97-->[androidx.work:work-runtime:2.7.1] AndroidManifest.xml:47:9-53:35
98            android:name="androidx.work.impl.background.systemjob.SystemJobService"
98-->[androidx.work:work-runtime:2.7.1] AndroidManifest.xml:48:13-84
99            android:directBootAware="false"
99-->[androidx.work:work-runtime:2.7.1] AndroidManifest.xml:49:13-44
100            android:enabled="@bool/enable_system_job_service_default"
100-->[androidx.work:work-runtime:2.7.1] AndroidManifest.xml:50:13-70
101            android:exported="true"
101-->[androidx.work:work-runtime:2.7.1] AndroidManifest.xml:51:13-36
102            android:permission="android.permission.BIND_JOB_SERVICE" />
102-->[androidx.work:work-runtime:2.7.1] AndroidManifest.xml:52:13-69
103        <service
103-->[androidx.work:work-runtime:2.7.1] AndroidManifest.xml:54:9-59:35
104            android:name="androidx.work.impl.foreground.SystemForegroundService"
104-->[androidx.work:work-runtime:2.7.1] AndroidManifest.xml:55:13-81
105            android:directBootAware="false"
105-->[androidx.work:work-runtime:2.7.1] AndroidManifest.xml:56:13-44
106            android:enabled="@bool/enable_system_foreground_service_default"
106-->[androidx.work:work-runtime:2.7.1] AndroidManifest.xml:57:13-77
107            android:exported="false" />
107-->[androidx.work:work-runtime:2.7.1] AndroidManifest.xml:58:13-37
108
109        <receiver
109-->[androidx.work:work-runtime:2.7.1] AndroidManifest.xml:61:9-66:35
110            android:name="androidx.work.impl.utils.ForceStopRunnable$BroadcastReceiver"
110-->[androidx.work:work-runtime:2.7.1] AndroidManifest.xml:62:13-88
111            android:directBootAware="false"
111-->[androidx.work:work-runtime:2.7.1] AndroidManifest.xml:63:13-44
112            android:enabled="true"
112-->[androidx.work:work-runtime:2.7.1] AndroidManifest.xml:64:13-35
113            android:exported="false" />
113-->[androidx.work:work-runtime:2.7.1] AndroidManifest.xml:65:13-37
114        <receiver
114-->[androidx.work:work-runtime:2.7.1] AndroidManifest.xml:67:9-77:20
115            android:name="androidx.work.impl.background.systemalarm.ConstraintProxy$BatteryChargingProxy"
115-->[androidx.work:work-runtime:2.7.1] AndroidManifest.xml:68:13-106
116            android:directBootAware="false"
116-->[androidx.work:work-runtime:2.7.1] AndroidManifest.xml:69:13-44
117            android:enabled="false"
117-->[androidx.work:work-runtime:2.7.1] AndroidManifest.xml:70:13-36
118            android:exported="false" >
118-->[androidx.work:work-runtime:2.7.1] AndroidManifest.xml:71:13-37
119            <intent-filter>
119-->[androidx.work:work-runtime:2.7.1] AndroidManifest.xml:73:13-76:29
120                <action android:name="android.intent.action.ACTION_POWER_CONNECTED" />
120-->[androidx.work:work-runtime:2.7.1] AndroidManifest.xml:74:17-87
120-->[androidx.work:work-runtime:2.7.1] AndroidManifest.xml:74:25-84
121                <action android:name="android.intent.action.ACTION_POWER_DISCONNECTED" />
121-->[androidx.work:work-runtime:2.7.1] AndroidManifest.xml:75:17-90
121-->[androidx.work:work-runtime:2.7.1] AndroidManifest.xml:75:25-87
122            </intent-filter>
123        </receiver>
124        <receiver
124-->[androidx.work:work-runtime:2.7.1] AndroidManifest.xml:78:9-88:20
125            android:name="androidx.work.impl.background.systemalarm.ConstraintProxy$BatteryNotLowProxy"
125-->[androidx.work:work-runtime:2.7.1] AndroidManifest.xml:79:13-104
126            android:directBootAware="false"
126-->[androidx.work:work-runtime:2.7.1] AndroidManifest.xml:80:13-44
127            android:enabled="false"
127-->[androidx.work:work-runtime:2.7.1] AndroidManifest.xml:81:13-36
128            android:exported="false" >
128-->[androidx.work:work-runtime:2.7.1] AndroidManifest.xml:82:13-37
129            <intent-filter>
129-->[androidx.work:work-runtime:2.7.1] AndroidManifest.xml:84:13-87:29
130                <action android:name="android.intent.action.BATTERY_OKAY" />
130-->[androidx.work:work-runtime:2.7.1] AndroidManifest.xml:85:17-77
130-->[androidx.work:work-runtime:2.7.1] AndroidManifest.xml:85:25-74
131                <action android:name="android.intent.action.BATTERY_LOW" />
131-->[androidx.work:work-runtime:2.7.1] AndroidManifest.xml:86:17-76
131-->[androidx.work:work-runtime:2.7.1] AndroidManifest.xml:86:25-73
132            </intent-filter>
133        </receiver>
134        <receiver
134-->[androidx.work:work-runtime:2.7.1] AndroidManifest.xml:89:9-99:20
135            android:name="androidx.work.impl.background.systemalarm.ConstraintProxy$StorageNotLowProxy"
135-->[androidx.work:work-runtime:2.7.1] AndroidManifest.xml:90:13-104
136            android:directBootAware="false"
136-->[androidx.work:work-runtime:2.7.1] AndroidManifest.xml:91:13-44
137            android:enabled="false"
137-->[androidx.work:work-runtime:2.7.1] AndroidManifest.xml:92:13-36
138            android:exported="false" >
138-->[androidx.work:work-runtime:2.7.1] AndroidManifest.xml:93:13-37
139            <intent-filter>
139-->[androidx.work:work-runtime:2.7.1] AndroidManifest.xml:95:13-98:29
140                <action android:name="android.intent.action.DEVICE_STORAGE_LOW" />
140-->[androidx.work:work-runtime:2.7.1] AndroidManifest.xml:96:17-83
140-->[androidx.work:work-runtime:2.7.1] AndroidManifest.xml:96:25-80
141                <action android:name="android.intent.action.DEVICE_STORAGE_OK" />
141-->[androidx.work:work-runtime:2.7.1] AndroidManifest.xml:97:17-82
141-->[androidx.work:work-runtime:2.7.1] AndroidManifest.xml:97:25-79
142            </intent-filter>
143        </receiver>
144        <receiver
144-->[androidx.work:work-runtime:2.7.1] AndroidManifest.xml:100:9-109:20
145            android:name="androidx.work.impl.background.systemalarm.ConstraintProxy$NetworkStateProxy"
145-->[androidx.work:work-runtime:2.7.1] AndroidManifest.xml:101:13-103
146            android:directBootAware="false"
146-->[androidx.work:work-runtime:2.7.1] AndroidManifest.xml:102:13-44
147            android:enabled="false"
147-->[androidx.work:work-runtime:2.7.1] AndroidManifest.xml:103:13-36
148            android:exported="false" >
148-->[androidx.work:work-runtime:2.7.1] AndroidManifest.xml:104:13-37
149            <intent-filter>
149-->[androidx.work:work-runtime:2.7.1] AndroidManifest.xml:106:13-108:29
150                <action android:name="android.net.conn.CONNECTIVITY_CHANGE" />
150-->[androidx.work:work-runtime:2.7.1] AndroidManifest.xml:107:17-79
150-->[androidx.work:work-runtime:2.7.1] AndroidManifest.xml:107:25-76
151            </intent-filter>
152        </receiver>
153        <receiver
153-->[androidx.work:work-runtime:2.7.1] AndroidManifest.xml:110:9-121:20
154            android:name="androidx.work.impl.background.systemalarm.RescheduleReceiver"
154-->[androidx.work:work-runtime:2.7.1] AndroidManifest.xml:111:13-88
155            android:directBootAware="false"
155-->[androidx.work:work-runtime:2.7.1] AndroidManifest.xml:112:13-44
156            android:enabled="false"
156-->[androidx.work:work-runtime:2.7.1] AndroidManifest.xml:113:13-36
157            android:exported="false" >
157-->[androidx.work:work-runtime:2.7.1] AndroidManifest.xml:114:13-37
158            <intent-filter>
158-->[androidx.work:work-runtime:2.7.1] AndroidManifest.xml:116:13-120:29
159                <action android:name="android.intent.action.BOOT_COMPLETED" />
159-->[androidx.work:work-runtime:2.7.1] AndroidManifest.xml:117:17-79
159-->[androidx.work:work-runtime:2.7.1] AndroidManifest.xml:117:25-76
160                <action android:name="android.intent.action.TIME_SET" />
160-->[androidx.work:work-runtime:2.7.1] AndroidManifest.xml:118:17-73
160-->[androidx.work:work-runtime:2.7.1] AndroidManifest.xml:118:25-70
161                <action android:name="android.intent.action.TIMEZONE_CHANGED" />
161-->[androidx.work:work-runtime:2.7.1] AndroidManifest.xml:119:17-81
161-->[androidx.work:work-runtime:2.7.1] AndroidManifest.xml:119:25-78
162            </intent-filter>
163        </receiver>
164        <receiver
164-->[androidx.work:work-runtime:2.7.1] AndroidManifest.xml:122:9-131:20
165            android:name="androidx.work.impl.background.systemalarm.ConstraintProxyUpdateReceiver"
165-->[androidx.work:work-runtime:2.7.1] AndroidManifest.xml:123:13-99
166            android:directBootAware="false"
166-->[androidx.work:work-runtime:2.7.1] AndroidManifest.xml:124:13-44
167            android:enabled="@bool/enable_system_alarm_service_default"
167-->[androidx.work:work-runtime:2.7.1] AndroidManifest.xml:125:13-72
168            android:exported="false" >
168-->[androidx.work:work-runtime:2.7.1] AndroidManifest.xml:126:13-37
169            <intent-filter>
169-->[androidx.work:work-runtime:2.7.1] AndroidManifest.xml:128:13-130:29
170                <action android:name="androidx.work.impl.background.systemalarm.UpdateProxies" />
170-->[androidx.work:work-runtime:2.7.1] AndroidManifest.xml:129:17-98
170-->[androidx.work:work-runtime:2.7.1] AndroidManifest.xml:129:25-95
171            </intent-filter>
172        </receiver>
173        <receiver
173-->[androidx.work:work-runtime:2.7.1] AndroidManifest.xml:132:9-142:20
174            android:name="androidx.work.impl.diagnostics.DiagnosticsReceiver"
174-->[androidx.work:work-runtime:2.7.1] AndroidManifest.xml:133:13-78
175            android:directBootAware="false"
175-->[androidx.work:work-runtime:2.7.1] AndroidManifest.xml:134:13-44
176            android:enabled="true"
176-->[androidx.work:work-runtime:2.7.1] AndroidManifest.xml:135:13-35
177            android:exported="true"
177-->[androidx.work:work-runtime:2.7.1] AndroidManifest.xml:136:13-36
178            android:permission="android.permission.DUMP" >
178-->[androidx.work:work-runtime:2.7.1] AndroidManifest.xml:137:13-57
179            <intent-filter>
179-->[androidx.work:work-runtime:2.7.1] AndroidManifest.xml:139:13-141:29
180                <action android:name="androidx.work.diagnostics.REQUEST_DIAGNOSTICS" />
180-->[androidx.work:work-runtime:2.7.1] AndroidManifest.xml:140:17-88
180-->[androidx.work:work-runtime:2.7.1] AndroidManifest.xml:140:25-85
181            </intent-filter>
182        </receiver>
183
184        <service
184-->[androidx.room:room-runtime:2.2.5] AndroidManifest.xml:25:9-28:40
185            android:name="androidx.room.MultiInstanceInvalidationService"
185-->[androidx.room:room-runtime:2.2.5] AndroidManifest.xml:26:13-74
186            android:directBootAware="true"
186-->[androidx.room:room-runtime:2.2.5] AndroidManifest.xml:27:13-43
187            android:exported="false" /> <!-- Needs to be explicitly declared on P+ -->
187-->[androidx.room:room-runtime:2.2.5] AndroidManifest.xml:28:13-37
188        <uses-library
188-->[com.google.android.gms:play-services-maps:18.0.2] AndroidManifest.xml:39:9-41:40
189            android:name="org.apache.http.legacy"
189-->[com.google.android.gms:play-services-maps:18.0.2] AndroidManifest.xml:40:13-50
190            android:required="false" />
190-->[com.google.android.gms:play-services-maps:18.0.2] AndroidManifest.xml:41:13-37
191
192        <activity
192-->[com.google.android.gms:play-services-base:18.1.0] AndroidManifest.xml:20:9-22:45
193            android:name="com.google.android.gms.common.api.GoogleApiActivity"
193-->[com.google.android.gms:play-services-base:18.1.0] AndroidManifest.xml:20:19-85
194            android:exported="false"
194-->[com.google.android.gms:play-services-base:18.1.0] AndroidManifest.xml:22:19-43
195            android:theme="@android:style/Theme.Translucent.NoTitleBar" />
195-->[com.google.android.gms:play-services-base:18.1.0] AndroidManifest.xml:21:19-78
196
197        <meta-data
197-->[com.google.android.gms:play-services-basement:18.1.0] AndroidManifest.xml:21:9-23:69
198            android:name="com.google.android.gms.version"
198-->[com.google.android.gms:play-services-basement:18.1.0] AndroidManifest.xml:22:13-58
199            android:value="@integer/google_play_services_version" />
199-->[com.google.android.gms:play-services-basement:18.1.0] AndroidManifest.xml:23:13-66
200    </application>
201
202</manifest>